<?xml version="1.0" encoding="UTF-8"?>
<!-- Generated by org.testng.reporters.JUnitReportReporter -->
<testsuite hostname="MacBook-Pro-rodion.local" failures="0" tests="2" name="com.telran.tests.bookStore.LoginPageTests" time="10.775" errors="0" timestamp="2022-11-07T12:25:25 IST" skipped="1">
  <testcase classname="com.telran.tests.bookStore.LoginPageTests" name="loginPositiveParametersTestNgTest" time="10.775"/>
  <system-out/>
  <testcase classname="com.telran.tests.bookStore.LoginPageTests" name="loginPositiveTest">
    <skipped/>
  </testcase> <!-- loginPositiveTest -->
  <system-out/>
</testsuite> <!-- com.telran.tests.bookStore.LoginPageTests -->
